<?xml version="1.0" encoding="UTF-8"?>
<!-- Generated by org.testng.reporters.JUnitReportReporter -->
<testsuite skipped="0" hostname="DEESABHA-IN" name="com.td.bank.testcases.AmazonWebAutomationTest" tests="1" failures="0" timestamp="10 Nov 2021 10:20:10 GMT" time="28.889" errors="0">
  <testcase name="amazonTest" time="28.889" classname="com.td.bank.testcases.AmazonWebAutomationTest"/>
</testsuite> <!-- com.td.bank.testcases.AmazonWebAutomationTest -->
